<?xml version="1.0" encoding="UTF-8"?>
<!-- Generated by org.testng.reporters.JUnitXMLReporter -->
<testsuite ignored="22" hostname="LAPTOP-9MMV66BJ" failures="1" tests="1" name="Test" time="6.942" errors="0" timestamp="2022-09-01T08:40:50 IST">
  <testcase classname="BillingTestCases.TestCases" name="TC01BillingLoginValid" time="0.026">
    <failure type="org.openqa.selenium.NoSuchWindowException" message="no such window: target window already closed
from unknown error: web view not found
  (Session info: chrome=104.0.5112.102)
Build info: version: &amp;apos;4.3.0&amp;apos;, revision: &amp;apos;a4995e2c09*&amp;apos;
System info: host: &amp;apos;LAPTOP-9MMV66BJ&amp;apos;, ip: &amp;apos;192.168.56.1&amp;apos;, os.name: &amp;apos;Windows 11&amp;apos;, os.arch: &amp;apos;amd64&amp;apos;, os.version: &amp;apos;10.0&amp;apos;, java.version: &amp;apos;17.0.3&amp;apos;
Driver info: org.openqa.selenium.chrome.ChromeDriver
Command: [0e25de018dd7646d2c52034639ef282f, findElement {using=id, value=username}]
Capabilities {acceptInsecureCerts: false, browserName: chrome, browserVersion: 104.0.5112.102, chrome: {chromedriverVersion: 103.0.5060.134 (8ec6fce403b..., userDataDir: C:\Users\asus\AppData\Local...}, goog:chromeOptions: {debuggerAddress: localhost:27523}, networkConnectionEnabled: false, pageLoadStrategy: normal, platformName: WINDOWS, proxy: Proxy(), se:cdp: ws://localhost:27523/devtoo..., se:cdpVersion: 104.0.5112.102, setWindowRect: true, strictFileInteractability: false, timeouts: {implicit: 0, pageLoad: 300000, script: 30000}, unhandledPromptBehavior: dismiss and notify, webauthn:extension:credBlob: true, webauthn:extension:largeBlob: true, webauthn:virtualAuthenticators: true}
Session ID: 0e25de018dd7646d2c52034639ef282f">
      <![CDATA[org.openqa.selenium.NoSuchWindowException: no such window: target window already closed
from unknown error: web view not found
  (Session info: chrome=104.0.5112.102)
Build info: version: '4.3.0', revision: 'a4995e2c09*'
System info: host: 'LAPTOP-9MMV66BJ', ip: '192.168.56.1', os.name: 'Windows 11', os.arch: 'amd64', os.version: '10.0', java.version: '17.0.3'
Driver info: org.openqa.selenium.chrome.ChromeDriver
Command: [0e25de018dd7646d2c52034639ef282f, findElement {using=id, value=username}]
Capabilities {acceptInsecureCerts: false, browserName: chrome, browserVersion: 104.0.5112.102, chrome: {chromedriverVersion: 103.0.5060.134 (8ec6fce403b..., userDataDir: C:\Users\asus\AppData\Local...}, goog:chromeOptions: {debuggerAddress: localhost:27523}, networkConnectionEnabled: false, pageLoadStrategy: normal, platformName: WINDOWS, proxy: Proxy(), se:cdp: ws://localhost:27523/devtoo..., se:cdpVersion: 104.0.5112.102, setWindowRect: true, strictFileInteractability: false, timeouts: {implicit: 0, pageLoad: 300000, script: 30000}, unhandledPromptBehavior: dismiss and notify, webauthn:extension:credBlob: true, webauthn:extension:largeBlob: true, webauthn:virtualAuthenticators: true}
Session ID: 0e25de018dd7646d2c52034639ef282f
at org.openqa.selenium.remote.codec.w3c.W3CHttpResponseCodec.createException(W3CHttpResponseCodec.java:200)
at org.openqa.selenium.remote.codec.w3c.W3CHttpResponseCodec.decode(W3CHttpResponseCodec.java:133)
at org.openqa.selenium.remote.codec.w3c.W3CHttpResponseCodec.decode(W3CHttpResponseCodec.java:53)
at org.openqa.selenium.remote.HttpCommandExecutor.execute(HttpCommandExecutor.java:184)
at org.openqa.selenium.remote.service.DriverCommandExecutor.invokeExecute(DriverCommandExecutor.java:167)
at org.openqa.selenium.remote.service.DriverCommandExecutor.execute(DriverCommandExecutor.java:142)
at org.openqa.selenium.remote.RemoteWebDriver.execute(RemoteWebDriver.java:569)
at org.openqa.selenium.remote.ElementLocation$ElementFinder$2.findElement(ElementLocation.java:162)
at org.openqa.selenium.remote.ElementLocation.findElement(ElementLocation.java:66)
at org.openqa.selenium.remote.RemoteWebDriver.findElement(RemoteWebDriver.java:387)
at org.openqa.selenium.remote.RemoteWebDriver.findElement(RemoteWebDriver.java:379)
at org.openqa.selenium.support.pagefactory.DefaultElementLocator.findElement(DefaultElementLocator.java:70)
at org.openqa.selenium.support.pagefactory.internal.LocatingElementHandler.invoke(LocatingElementHandler.java:39)
at jdk.proxy2/jdk.proxy2.$Proxy16.sendKeys(Unknown Source)
at Utility.PageUtility.enterText(PageUtility.java:28)
at Pages.LoginPage.LoginMethod(LoginPage.java:39)
at BillingTestCases.TestCases.TC01BillingLoginValid(TestCases.java:80)
at java.base/java.util.ArrayList.forEach(ArrayList.java:1511)
... Removed 32 stack frames]]>
    </failure>
  </testcase> <!-- TC01BillingLoginValid -->
  <testcase classname="BillingTestCases.TestCases" name="TC10BillingContactAddCustomerGroup" time="0.0">
    <ignored/>
  </testcase> <!-- TC10BillingContactAddCustomerGroup -->
  <testcase classname="BillingTestCases.TestCases" name="TC08BillingEditAddedSupplierEmail" time="0.0">
    <ignored/>
  </testcase> <!-- TC08BillingEditAddedSupplierEmail -->
  <testcase classname="BillingTestCases.TestCases" name="TC09BillingContactAddCustomer" time="0.0">
    <ignored/>
  </testcase> <!-- TC09BillingContactAddCustomer -->
  <testcase classname="BillingTestCases.TestCases" name="TC14BillingAddSellingPriceGroup" time="0.0">
    <ignored/>
  </testcase> <!-- TC14BillingAddSellingPriceGroup -->
  <testcase classname="BillingTestCases.TestCases" name="TC20BillingCalculator" time="0.0">
    <ignored/>
  </testcase> <!-- TC20BillingCalculator -->
  <testcase classname="BillingTestCases.TestCases" name="TC19BillingAccountCreation" time="0.0">
    <ignored/>
  </testcase> <!-- TC19BillingAccountCreation -->
  <testcase classname="BillingTestCases.TestCases" name="TC04BillingAddUser" time="0.0">
    <ignored/>
  </testcase> <!-- TC04BillingAddUser -->
  <testcase classname="BillingTestCases.TestCases" name="TC05BillingAddRole" time="0.0">
    <ignored/>
  </testcase> <!-- TC05BillingAddRole -->
  <testcase classname="BillingTestCases.TestCases" name="TC21BillingAddOpeningStock" time="0.0">
    <ignored/>
  </testcase> <!-- TC21BillingAddOpeningStock -->
  <testcase classname="BillingTestCases.TestCases" name="TC13BillingDeleteVariations" time="0.0">
    <ignored/>
  </testcase> <!-- TC13BillingDeleteVariations -->
  <testcase classname="BillingTestCases.TestCases" name="TC15BillingAddBrand" time="0.0">
    <ignored/>
  </testcase> <!-- TC15BillingAddBrand -->
  <testcase classname="BillingTestCases.TestCases" name="TC23BillingAddPurchase" time="0.0">
    <ignored/>
  </testcase> <!-- TC23BillingAddPurchase -->
  <testcase classname="BillingTestCases.TestCases" name="TC16BillingAddStockAdjustment" time="0.0">
    <ignored/>
  </testcase> <!-- TC16BillingAddStockAdjustment -->
  <testcase classname="BillingTestCases.TestCases" name="TC12BillingAddVariations" time="0.0">
    <ignored/>
  </testcase> <!-- TC12BillingAddVariations -->
  <testcase classname="BillingTestCases.TestCases" name="TC22BillingAddSalesCommissionAgent" time="0.0">
    <ignored/>
  </testcase> <!-- TC22BillingAddSalesCommissionAgent -->
  <testcase classname="BillingTestCases.TestCases" name="TC06BillingDeleteRole" time="0.0">
    <ignored/>
  </testcase> <!-- TC06BillingDeleteRole -->
  <testcase classname="BillingTestCases.TestCases" name="TC07BillingContactAddSupplier" time="0.0">
    <ignored/>
  </testcase> <!-- TC07BillingContactAddSupplier -->
  <testcase classname="BillingTestCases.TestCases" name="TC03BillingLoginValidAndCheckBox" time="0.0">
    <ignored/>
  </testcase> <!-- TC03BillingLoginValidAndCheckBox -->
  <testcase classname="BillingTestCases.TestCases" name="TC11BillingAddProduct" time="0.0">
    <ignored/>
  </testcase> <!-- TC11BillingAddProduct -->
  <testcase classname="BillingTestCases.TestCases" name="TC18BillingAddExpenseCategories" time="0.0">
    <ignored/>
  </testcase> <!-- TC18BillingAddExpenseCategories -->
  <testcase classname="BillingTestCases.TestCases" name="TC02BillingLogininvalid" time="0.0">
    <ignored/>
  </testcase> <!-- TC02BillingLogininvalid -->
  <testcase classname="BillingTestCases.TestCases" name="TC17BillingAddExpense" time="0.0">
    <ignored/>
  </testcase> <!-- TC17BillingAddExpense -->
</testsuite> <!-- Test -->
